Arguments: 
  C:\Program Files\nodejs\node.exe C:\Users\asus\AppData\Roaming\npm\node_modules\yarn\bin\yarn.js init

PATH: 
  C:\Program Files (x86)\Java\jdk1.8.0_102\bin;C:\ProgramData\Oracle\Java\javapath;C:\Windows\system32;C:\Windows;C:\Windows\system32\wbem;C:\Program Files\MySQL\MySQL Server 5.5\bin;C:\Program Files (x86)\Microsoft SQL Server\90\Tools\binn\;F:\0StarupSoftware\;F:\git(bash)\Git\cmd;F:\vagrant\bin;C:\Windows\System32\WindowsPowerShell\v1.0;F:\mingw\bin;C:\Program Files\MySQL\MySQL Server 8.0\bin;F:\PostgreSQL\11\bin;F:\mongoDB\bin;C:\Program Files\nodejs\;F:\0StarupSoftware\Redis-x64-3.2.100;F:\vscode\Microsoft VS Code\bin;F:\mingw\bin;C:\Program Files\MySQL\MySQL Server 8.0\bin;F:\PostgreSQL\11\bin;C:\Users\asus\AppData\Roaming\npm

Yarn version: 
  1.15.2

Node version: 
  10.15.3

Platform: 
  win32 x64

Trace: 
  Error: canceled
      at Interface.<anonymous> (C:\Users\asus\AppData\Roaming\npm\node_modules\yarn\lib\cli.js:125801:13)
      at Interface.emit (events.js:189:13)
      at Interface._ttyWrite (readline.js:783:16)
      at ReadStream.onkeypress (readline.js:168:10)
      at ReadStream.emit (events.js:189:13)
      at emitKeys (internal/readline.js:424:14)
      at emitKeys.next (<anonymous>)
      at ReadStream.onData (readline.js:1022:36)
      at ReadStream.emit (events.js:189:13)
      at addChunk (_stream_readable.js:284:12)

npm manifest: 
  No manifest

yarn manifest: 
  No manifest

Lockfile: 
  No lockfile
